[0.285s] DEBUG:colcon:Command line arguments: ['/usr/bin/colcon', 'build']
[0.285s] DEBUG:colcon:Parsed command line arguments: Namespace(allow_overriding=[], ament_cmake_args=None, base_paths=['.'], build_base='build', catkin_cmake_args=None, catkin_skip_building_tests=False, cmake_args=None, cmake_clean_cache=False, cmake_clean_first=False, cmake_force_configure=False, cmake_target=None, cmake_target_skip_unavailable=False, continue_on_error=False, event_handlers=None, executor='parallel', ignore_user_meta=False, install_base='install', log_base=None, log_level=None, main=<bound method BuildVerb.main of <colcon_core.verb.build.BuildVerb object at 0x7f7295f2c6d0>>, merge_install=False, metas=['./colcon.meta'], packages_above=None, packages_above_and_dependencies=None, packages_above_depth=None, packages_end=None, packages_ignore=None, packages_ignore_regex=None, packages_select=None, packages_select_build_failed=False, packages_select_by_dep=None, packages_select_regex=None, packages_select_test_failures=False, packages_skip=None, packages_skip_build_finished=False, packages_skip_by_dep=None, packages_skip_regex=None, packages_skip_test_passed=False, packages_skip_up_to=None, packages_start=None, packages_up_to=None, packages_up_to_regex=None, parallel_workers=4, paths=None, symlink_install=False, test_result_base=None, verb_extension=<colcon_core.verb.build.BuildVerb object at 0x7f7295f2c6d0>, verb_name='build', verb_parser=<colcon_defaults.argument_parser.defaults.DefaultArgumentsDecorator object at 0x7f7295f2cc10>)
[0.312s] Level 1:colcon.colcon_core.package_discovery:discover_packages(colcon_meta) check parameters
[0.313s] Level 1:colcon.colcon_core.package_discovery:discover_packages(recursive) check parameters
[0.313s] Level 1:colcon.colcon_core.package_discovery:discover_packages(ignore) check parameters
[0.313s] Level 1:colcon.colcon_core.package_discovery:discover_packages(path) check parameters
[0.313s] Level 1:colcon.colcon_core.package_discovery:discover_packages(colcon_meta) discover
[0.313s] Level 1:colcon.colcon_core.package_discovery:discover_packages(recursive) discover
[0.313s] INFO:colcon.colcon_core.package_discovery:Crawling recursively for packages in '/home/rcx/workspaece/examtask_ws'
[0.313s] Level 1:colcon.colcon_core.package_identification:_identify(.) by extensions ['ignore', 'ignore_ament_install']
[0.313s] Level 1:colcon.colcon_core.package_identification:_identify(.) by extension 'ignore'
[0.313s] Level 1:colcon.colcon_core.package_identification:_identify(.) by extension 'ignore_ament_install'
[0.313s] Level 1:colcon.colcon_core.package_identification:_identify(.) by extensions ['colcon_pkg']
[0.313s] Level 1:colcon.colcon_core.package_identification:_identify(.) by extension 'colcon_pkg'
[0.313s] Level 1:colcon.colcon_core.package_identification:_identify(.) by extensions ['colcon_meta']
[0.313s] Level 1:colcon.colcon_core.package_identification:_identify(.) by extension 'colcon_meta'
[0.313s] Level 1:colcon.colcon_core.package_identification:_identify(.) by extensions ['ros']
[0.313s] Level 1:colcon.colcon_core.package_identification:_identify(.) by extension 'ros'
[0.338s] Level 1:colcon.colcon_core.package_identification:_identify(.) by extensions ['cmake', 'python']
[0.338s] Level 1:colcon.colcon_core.package_identification:_identify(.) by extension 'cmake'
[0.338s] Level 1:colcon.colcon_core.package_identification:_identify(.) by extension 'python'
[0.338s] Level 1:colcon.colcon_core.package_identification:_identify(.) by extensions ['python_setup_py']
[0.338s] Level 1:colcon.colcon_core.package_identification:_identify(.) by extension 'python_setup_py'
[0.338s] Level 1:colcon.colcon_core.package_identification:_identify(build) by extensions ['ignore', 'ignore_ament_install']
[0.338s] Level 1:colcon.colcon_core.package_identification:_identify(build) by extension 'ignore'
[0.339s] Level 1:colcon.colcon_core.package_identification:_identify(build) ignored
[0.339s] Level 1:colcon.colcon_core.package_identification:_identify(install) by extensions ['ignore', 'ignore_ament_install']
[0.339s] Level 1:colcon.colcon_core.package_identification:_identify(install) by extension 'ignore'
[0.339s] Level 1:colcon.colcon_core.package_identification:_identify(install) ignored
[0.339s] Level 1:colcon.colcon_core.package_identification:_identify(log) by extensions ['ignore', 'ignore_ament_install']
[0.339s] Level 1:colcon.colcon_core.package_identification:_identify(log) by extension 'ignore'
[0.339s] Level 1:colcon.colcon_core.package_identification:_identify(log) ignored
[0.339s] Level 1:colcon.colcon_core.package_identification:_identify(src) by extensions ['ignore', 'ignore_ament_install']
[0.339s] Level 1:colcon.colcon_core.package_identification:_identify(src) by extension 'ignore'
[0.339s] Level 1:colcon.colcon_core.package_identification:_identify(src) by extension 'ignore_ament_install'
[0.339s] Level 1:colcon.colcon_core.package_identification:_identify(src) by extensions ['colcon_pkg']
[0.339s] Level 1:colcon.colcon_core.package_identification:_identify(src) by extension 'colcon_pkg'
[0.340s] Level 1:colcon.colcon_core.package_identification:_identify(src) by extensions ['colcon_meta']
[0.340s] Level 1:colcon.colcon_core.package_identification:_identify(src) by extension 'colcon_meta'
[0.340s] Level 1:colcon.colcon_core.package_identification:_identify(src) by extensions ['ros']
[0.340s] Level 1:colcon.colcon_core.package_identification:_identify(src) by extension 'ros'
[0.340s] Level 1:colcon.colcon_core.package_identification:_identify(src) by extensions ['cmake', 'python']
[0.340s] Level 1:colcon.colcon_core.package_identification:_identify(src) by extension 'cmake'
[0.340s] Level 1:colcon.colcon_core.package_identification:_identify(src) by extension 'python'
[0.340s] Level 1:colcon.colcon_core.package_identification:_identify(src) by extensions ['python_setup_py']
[0.340s] Level 1:colcon.colcon_core.package_identification:_identify(src) by extension 'python_setup_py'
[0.340s] Level 1:colcon.colcon_core.package_identification:_identify(src/task) by extensions ['ignore', 'ignore_ament_install']
[0.340s] Level 1:colcon.colcon_core.package_identification:_identify(src/task) by extension 'ignore'
[0.340s] Level 1:colcon.colcon_core.package_identification:_identify(src/task) by extension 'ignore_ament_install'
[0.340s] Level 1:colcon.colcon_core.package_identification:_identify(src/task) by extensions ['colcon_pkg']
[0.340s] Level 1:colcon.colcon_core.package_identification:_identify(src/task) by extension 'colcon_pkg'
[0.340s] Level 1:colcon.colcon_core.package_identification:_identify(src/task) by extensions ['colcon_meta']
[0.340s] Level 1:colcon.colcon_core.package_identification:_identify(src/task) by extension 'colcon_meta'
[0.340s] Level 1:colcon.colcon_core.package_identification:_identify(src/task) by extensions ['ros']
[0.340s] Level 1:colcon.colcon_core.package_identification:_identify(src/task) by extension 'ros'
[0.343s] DEBUG:colcon.colcon_core.package_identification:Package 'src/task' with type 'ros.ament_cmake' and name 'task'
[0.343s] Level 1:colcon.colcon_core.package_discovery:discover_packages(recursive) using defaults
[0.344s] Level 1:colcon.colcon_core.package_discovery:discover_packages(ignore) discover
[0.344s] Level 1:colcon.colcon_core.package_discovery:discover_packages(ignore) using defaults
[0.344s] Level 1:colcon.colcon_core.package_discovery:discover_packages(path) discover
[0.344s] Level 1:colcon.colcon_core.package_discovery:discover_packages(path) using defaults
[0.363s] Level 1:colcon.colcon_core.package_discovery:discover_packages(prefix_path) check parameters
[0.363s] Level 1:colcon.colcon_core.package_discovery:discover_packages(prefix_path) discover
[0.368s] DEBUG:colcon.colcon_installed_package_information.package_discovery:Found 1 installed packages in /home/rcx/workspaece/examtask_ws/install
[0.369s] DEBUG:colcon.colcon_installed_package_information.package_discovery:Found 256 installed packages in /opt/ros/foxy
[0.371s] Level 1:colcon.colcon_core.package_discovery:discover_packages(prefix_path) using defaults
[0.442s] Level 5:colcon.colcon_core.verb:set package 'task' build argument 'cmake_args' from command line to 'None'
[0.442s] Level 5:colcon.colcon_core.verb:set package 'task' build argument 'cmake_target' from command line to 'None'
[0.442s] Level 5:colcon.colcon_core.verb:set package 'task' build argument 'cmake_target_skip_unavailable' from command line to 'False'
[0.442s] Level 5:colcon.colcon_core.verb:set package 'task' build argument 'cmake_clean_cache' from command line to 'False'
[0.442s] Level 5:colcon.colcon_core.verb:set package 'task' build argument 'cmake_clean_first' from command line to 'False'
[0.442s] Level 5:colcon.colcon_core.verb:set package 'task' build argument 'cmake_force_configure' from command line to 'False'
[0.442s] Level 5:colcon.colcon_core.verb:set package 'task' build argument 'ament_cmake_args' from command line to 'None'
[0.442s] Level 5:colcon.colcon_core.verb:set package 'task' build argument 'catkin_cmake_args' from command line to 'None'
[0.442s] Level 5:colcon.colcon_core.verb:set package 'task' build argument 'catkin_skip_building_tests' from command line to 'False'
[0.442s] DEBUG:colcon.colcon_core.verb:Building package 'task' with the following arguments: {'ament_cmake_args': None, 'build_base': '/home/rcx/workspaece/examtask_ws/build/task', 'catkin_cmake_args': None, 'catkin_skip_building_tests': False, 'cmake_args': None, 'cmake_clean_cache': False, 'cmake_clean_first': False, 'cmake_force_configure': False, 'cmake_target': None, 'cmake_target_skip_unavailable': False, 'install_base': '/home/rcx/workspaece/examtask_ws/install/task', 'merge_install': False, 'path': '/home/rcx/workspaece/examtask_ws/src/task', 'symlink_install': False, 'test_result_base': None}
[0.443s] INFO:colcon.colcon_core.executor:Executing jobs using 'parallel' executor
[0.447s] DEBUG:colcon.colcon_parallel_executor.executor.parallel:run_until_complete
[0.447s] INFO:colcon.colcon_ros.task.ament_cmake.build:Building ROS package in '/home/rcx/workspaece/examtask_ws/src/task' with build type 'ament_cmake'
[0.447s] INFO:colcon.colcon_cmake.task.cmake.build:Building CMake package in '/home/rcx/workspaece/examtask_ws/src/task'
[0.452s] INFO:colcon.colcon_core.plugin_system:Skipping extension 'colcon_core.shell.bat': Not used on non-Windows systems
[0.452s] INFO:colcon.colcon_core.shell:Skip shell extension 'powershell' for command environment: Not usable outside of PowerShell
[0.452s] DEBUG:colcon.colcon_core.shell:Skip shell extension 'dsv' for command environment
[0.470s] DEBUG:colcon.colcon_core.event_handler.log_command:Invoking command in '/home/rcx/workspaece/examtask_ws/build/task': CMAKE_PREFIX_PATH=${CMAKE_PREFIX_PATH}:/opt/ros/foxy /usr/bin/cmake --build /home/rcx/workspaece/examtask_ws/build/task -- -j4 -l4
[0.550s] DEBUG:colcon.colcon_core.event_handler.log_command:Invoked command in '/home/rcx/workspaece/examtask_ws/build/task' returned '0': CMAKE_PREFIX_PATH=${CMAKE_PREFIX_PATH}:/opt/ros/foxy /usr/bin/cmake --build /home/rcx/workspaece/examtask_ws/build/task -- -j4 -l4
[0.595s] DEBUG:colcon.colcon_core.event_handler.log_command:Invoking command in '/home/rcx/workspaece/examtask_ws/build/task': CMAKE_PREFIX_PATH=${CMAKE_PREFIX_PATH}:/opt/ros/foxy /usr/bin/cmake --install /home/rcx/workspaece/examtask_ws/build/task
[0.609s] Level 1:colcon.colcon_core.environment:create_environment_scripts_only(task)
[0.610s] DEBUG:colcon.colcon_core.event_handler.log_command:Invoked command in '/home/rcx/workspaece/examtask_ws/build/task' returned '0': CMAKE_PREFIX_PATH=${CMAKE_PREFIX_PATH}:/opt/ros/foxy /usr/bin/cmake --install /home/rcx/workspaece/examtask_ws/build/task
[0.614s] Level 1:colcon.colcon_core.environment:checking '/home/rcx/workspaece/examtask_ws/install/task' for CMake module files
[0.615s] Level 1:colcon.colcon_core.environment:checking '/home/rcx/workspaece/examtask_ws/install/task' for CMake config files
[0.615s] Level 1:colcon.colcon_core.shell:create_environment_hook('task', 'cmake_prefix_path')
[0.616s] INFO:colcon.colcon_core.shell:Creating environment hook '/home/rcx/workspaece/examtask_ws/install/task/share/task/hook/cmake_prefix_path.ps1'
[0.618s] INFO:colcon.colcon_core.shell:Creating environment descriptor '/home/rcx/workspaece/examtask_ws/install/task/share/task/hook/cmake_prefix_path.dsv'
[0.618s] INFO:colcon.colcon_core.shell:Creating environment hook '/home/rcx/workspaece/examtask_ws/install/task/share/task/hook/cmake_prefix_path.sh'
[0.619s] Level 1:colcon.colcon_core.environment:checking '/home/rcx/workspaece/examtask_ws/install/task/lib'
[0.620s] Level 1:colcon.colcon_core.environment:checking '/home/rcx/workspaece/examtask_ws/install/task/bin'
[0.620s] Level 1:colcon.colcon_core.environment:checking '/home/rcx/workspaece/examtask_ws/install/task/lib/pkgconfig/task.pc'
[0.620s] Level 1:colcon.colcon_core.environment:checking '/home/rcx/workspaece/examtask_ws/install/task/lib/python3.8/site-packages'
[0.620s] Level 1:colcon.colcon_core.environment:checking '/home/rcx/workspaece/examtask_ws/install/task/bin'
[0.621s] INFO:colcon.colcon_core.shell:Creating package script '/home/rcx/workspaece/examtask_ws/install/task/share/task/package.ps1'
[0.622s] INFO:colcon.colcon_core.shell:Creating package descriptor '/home/rcx/workspaece/examtask_ws/install/task/share/task/package.dsv'
[0.623s] INFO:colcon.colcon_core.shell:Creating package script '/home/rcx/workspaece/examtask_ws/install/task/share/task/package.sh'
[0.624s] INFO:colcon.colcon_core.shell:Creating package script '/home/rcx/workspaece/examtask_ws/install/task/share/task/package.bash'
[0.624s] INFO:colcon.colcon_core.shell:Creating package script '/home/rcx/workspaece/examtask_ws/install/task/share/task/package.zsh'
[0.625s] Level 1:colcon.colcon_core.environment:create_file_with_runtime_dependencies(/home/rcx/workspaece/examtask_ws/install/task/share/colcon-core/packages/task)
[0.658s] Level 1:colcon.colcon_core.environment:create_environment_scripts_only(task)
[0.661s] Level 1:colcon.colcon_core.environment:checking '/home/rcx/workspaece/examtask_ws/install/task' for CMake module files
[0.661s] Level 1:colcon.colcon_core.environment:checking '/home/rcx/workspaece/examtask_ws/install/task' for CMake config files
[0.661s] Level 1:colcon.colcon_core.shell:create_environment_hook('task', 'cmake_prefix_path')
[0.663s] INFO:colcon.colcon_core.shell:Creating environment hook '/home/rcx/workspaece/examtask_ws/install/task/share/task/hook/cmake_prefix_path.ps1'
[0.664s] INFO:colcon.colcon_core.shell:Creating environment descriptor '/home/rcx/workspaece/examtask_ws/install/task/share/task/hook/cmake_prefix_path.dsv'
[0.664s] INFO:colcon.colcon_core.shell:Creating environment hook '/home/rcx/workspaece/examtask_ws/install/task/share/task/hook/cmake_prefix_path.sh'
[0.665s] Level 1:colcon.colcon_core.environment:checking '/home/rcx/workspaece/examtask_ws/install/task/lib'
[0.665s] Level 1:colcon.colcon_core.environment:checking '/home/rcx/workspaece/examtask_ws/install/task/bin'
[0.665s] Level 1:colcon.colcon_core.environment:checking '/home/rcx/workspaece/examtask_ws/install/task/lib/pkgconfig/task.pc'
[0.665s] Level 1:colcon.colcon_core.environment:checking '/home/rcx/workspaece/examtask_ws/install/task/lib/python3.8/site-packages'
[0.666s] Level 1:colcon.colcon_core.environment:checking '/home/rcx/workspaece/examtask_ws/install/task/bin'
[0.667s] INFO:colcon.colcon_core.shell:Creating package script '/home/rcx/workspaece/examtask_ws/install/task/share/task/package.ps1'
[0.668s] INFO:colcon.colcon_core.shell:Creating package descriptor '/home/rcx/workspaece/examtask_ws/install/task/share/task/package.dsv'
[0.668s] INFO:colcon.colcon_core.shell:Creating package script '/home/rcx/workspaece/examtask_ws/install/task/share/task/package.sh'
[0.669s] INFO:colcon.colcon_core.shell:Creating package script '/home/rcx/workspaece/examtask_ws/install/task/share/task/package.bash'
[0.669s] INFO:colcon.colcon_core.shell:Creating package script '/home/rcx/workspaece/examtask_ws/install/task/share/task/package.zsh'
[0.670s] Level 1:colcon.colcon_core.environment:create_file_with_runtime_dependencies(/home/rcx/workspaece/examtask_ws/install/task/share/colcon-core/packages/task)
[0.670s] DEBUG:colcon.colcon_parallel_executor.executor.parallel:closing loop
[0.671s] DEBUG:colcon.colcon_parallel_executor.executor.parallel:loop closed
[0.671s] DEBUG:colcon.colcon_parallel_executor.executor.parallel:run_until_complete finished with '0'
[0.671s] DEBUG:colcon.colcon_core.event_reactor:joining thread
[0.678s] INFO:colcon.colcon_core.plugin_system:Skipping extension 'colcon_notification.desktop_notification.terminal_notifier': Not used on non-Darwin systems
[0.678s] INFO:colcon.colcon_core.plugin_system:Skipping extension 'colcon_notification.desktop_notification.win32': Not used on non-Windows systems
[0.678s] INFO:colcon.colcon_notification.desktop_notification:Sending desktop notification using 'notify2'
[0.696s] DEBUG:colcon.colcon_core.event_reactor:joined thread
[0.697s] INFO:colcon.colcon_core.shell:Creating prefix script '/home/rcx/workspaece/examtask_ws/install/local_setup.ps1'
[0.699s] INFO:colcon.colcon_core.shell:Creating prefix util module '/home/rcx/workspaece/examtask_ws/install/_local_setup_util_ps1.py'
[0.700s] INFO:colcon.colcon_core.shell:Creating prefix chain script '/home/rcx/workspaece/examtask_ws/install/setup.ps1'
[0.701s] INFO:colcon.colcon_core.shell:Creating prefix script '/home/rcx/workspaece/examtask_ws/install/local_setup.sh'
[0.702s] INFO:colcon.colcon_core.shell:Creating prefix util module '/home/rcx/workspaece/examtask_ws/install/_local_setup_util_sh.py'
[0.703s] INFO:colcon.colcon_core.shell:Creating prefix chain script '/home/rcx/workspaece/examtask_ws/install/setup.sh'
[0.704s] INFO:colcon.colcon_core.shell:Creating prefix script '/home/rcx/workspaece/examtask_ws/install/local_setup.bash'
[0.705s] INFO:colcon.colcon_core.shell:Creating prefix chain script '/home/rcx/workspaece/examtask_ws/install/setup.bash'
[0.707s] INFO:colcon.colcon_core.shell:Creating prefix script '/home/rcx/workspaece/examtask_ws/install/local_setup.zsh'
[0.707s] INFO:colcon.colcon_core.shell:Creating prefix chain script '/home/rcx/workspaece/examtask_ws/install/setup.zsh'
