[0.305s] DEBUG:colcon:Command line arguments: ['/usr/bin/colcon', 'build']
[0.305s] DEBUG:colcon:Parsed command line arguments: Namespace(allow_overriding=[], ament_cmake_args=None, base_paths=['.'], build_base='build', catkin_cmake_args=None, catkin_skip_building_tests=False, cmake_args=None, cmake_clean_cache=False, cmake_clean_first=False, cmake_force_configure=False, cmake_target=None, cmake_target_skip_unavailable=False, continue_on_error=False, event_handlers=None, executor='parallel', ignore_user_meta=False, install_base='install', log_base=None, log_level=None, main=<bound method BuildVerb.main of <colcon_core.verb.build.BuildVerb object at 0x7fd86ad655b0>>, merge_install=False, metas=['./colcon.meta'], packages_above=None, packages_above_and_dependencies=None, packages_above_depth=None, packages_end=None, packages_ignore=None, packages_ignore_regex=None, packages_select=None, packages_select_build_failed=False, packages_select_by_dep=None, packages_select_regex=None, packages_select_test_failures=False, packages_skip=None, packages_skip_build_finished=False, packages_skip_by_dep=None, packages_skip_regex=None, packages_skip_test_passed=False, packages_skip_up_to=None, packages_start=None, packages_up_to=None, packages_up_to_regex=None, parallel_workers=4, paths=None, symlink_install=False, test_result_base=None, verb_extension=<colcon_core.verb.build.BuildVerb object at 0x7fd86ad655b0>, verb_name='build', verb_parser=<colcon_defaults.argument_parser.defaults.DefaultArgumentsDecorator object at 0x7fd86ad65af0>)
[0.332s] Level 1:colcon.colcon_core.package_discovery:discover_packages(colcon_meta) check parameters
[0.332s] Level 1:colcon.colcon_core.package_discovery:discover_packages(recursive) check parameters
[0.332s] Level 1:colcon.colcon_core.package_discovery:discover_packages(ignore) check parameters
[0.332s] Level 1:colcon.colcon_core.package_discovery:discover_packages(path) check parameters
[0.332s] Level 1:colcon.colcon_core.package_discovery:discover_packages(colcon_meta) discover
[0.332s] Level 1:colcon.colcon_core.package_discovery:discover_packages(recursive) discover
[0.332s] INFO:colcon.colcon_core.package_discovery:Crawling recursively for packages in '/home/rcx/workspaece/examtask_ws'
[0.332s] Level 1:colcon.colcon_core.package_identification:_identify(.) by extensions ['ignore', 'ignore_ament_install']
[0.333s] Level 1:colcon.colcon_core.package_identification:_identify(.) by extension 'ignore'
[0.333s] Level 1:colcon.colcon_core.package_identification:_identify(.) by extension 'ignore_ament_install'
[0.333s] Level 1:colcon.colcon_core.package_identification:_identify(.) by extensions ['colcon_pkg']
[0.333s] Level 1:colcon.colcon_core.package_identification:_identify(.) by extension 'colcon_pkg'
[0.333s] Level 1:colcon.colcon_core.package_identification:_identify(.) by extensions ['colcon_meta']
[0.333s] Level 1:colcon.colcon_core.package_identification:_identify(.) by extension 'colcon_meta'
[0.333s] Level 1:colcon.colcon_core.package_identification:_identify(.) by extensions ['ros']
[0.333s] Level 1:colcon.colcon_core.package_identification:_identify(.) by extension 'ros'
[0.357s] Level 1:colcon.colcon_core.package_identification:_identify(.) by extensions ['cmake', 'python']
[0.357s] Level 1:colcon.colcon_core.package_identification:_identify(.) by extension 'cmake'
[0.357s] Level 1:colcon.colcon_core.package_identification:_identify(.) by extension 'python'
[0.357s] Level 1:colcon.colcon_core.package_identification:_identify(.) by extensions ['python_setup_py']
[0.357s] Level 1:colcon.colcon_core.package_identification:_identify(.) by extension 'python_setup_py'
[0.357s] Level 1:colcon.colcon_core.package_identification:_identify(build) by extensions ['ignore', 'ignore_ament_install']
[0.357s] Level 1:colcon.colcon_core.package_identification:_identify(build) by extension 'ignore'
[0.357s] Level 1:colcon.colcon_core.package_identification:_identify(build) ignored
[0.357s] Level 1:colcon.colcon_core.package_identification:_identify(install) by extensions ['ignore', 'ignore_ament_install']
[0.357s] Level 1:colcon.colcon_core.package_identification:_identify(install) by extension 'ignore'
[0.358s] Level 1:colcon.colcon_core.package_identification:_identify(install) ignored
[0.358s] Level 1:colcon.colcon_core.package_identification:_identify(log) by extensions ['ignore', 'ignore_ament_install']
[0.358s] Level 1:colcon.colcon_core.package_identification:_identify(log) by extension 'ignore'
[0.358s] Level 1:colcon.colcon_core.package_identification:_identify(log) ignored
[0.358s] Level 1:colcon.colcon_core.package_identification:_identify(src) by extensions ['ignore', 'ignore_ament_install']
[0.358s] Level 1:colcon.colcon_core.package_identification:_identify(src) by extension 'ignore'
[0.358s] Level 1:colcon.colcon_core.package_identification:_identify(src) by extension 'ignore_ament_install'
[0.358s] Level 1:colcon.colcon_core.package_identification:_identify(src) by extensions ['colcon_pkg']
[0.358s] Level 1:colcon.colcon_core.package_identification:_identify(src) by extension 'colcon_pkg'
[0.358s] Level 1:colcon.colcon_core.package_identification:_identify(src) by extensions ['colcon_meta']
[0.358s] Level 1:colcon.colcon_core.package_identification:_identify(src) by extension 'colcon_meta'
[0.358s] Level 1:colcon.colcon_core.package_identification:_identify(src) by extensions ['ros']
[0.358s] Level 1:colcon.colcon_core.package_identification:_identify(src) by extension 'ros'
[0.358s] Level 1:colcon.colcon_core.package_identification:_identify(src) by extensions ['cmake', 'python']
[0.358s] Level 1:colcon.colcon_core.package_identification:_identify(src) by extension 'cmake'
[0.359s] Level 1:colcon.colcon_core.package_identification:_identify(src) by extension 'python'
[0.359s] Level 1:colcon.colcon_core.package_identification:_identify(src) by extensions ['python_setup_py']
[0.359s] Level 1:colcon.colcon_core.package_identification:_identify(src) by extension 'python_setup_py'
[0.359s] Level 1:colcon.colcon_core.package_identification:_identify(src/task) by extensions ['ignore', 'ignore_ament_install']
[0.359s] Level 1:colcon.colcon_core.package_identification:_identify(src/task) by extension 'ignore'
[0.359s] Level 1:colcon.colcon_core.package_identification:_identify(src/task) by extension 'ignore_ament_install'
[0.359s] Level 1:colcon.colcon_core.package_identification:_identify(src/task) by extensions ['colcon_pkg']
[0.359s] Level 1:colcon.colcon_core.package_identification:_identify(src/task) by extension 'colcon_pkg'
[0.359s] Level 1:colcon.colcon_core.package_identification:_identify(src/task) by extensions ['colcon_meta']
[0.359s] Level 1:colcon.colcon_core.package_identification:_identify(src/task) by extension 'colcon_meta'
[0.359s] Level 1:colcon.colcon_core.package_identification:_identify(src/task) by extensions ['ros']
[0.359s] Level 1:colcon.colcon_core.package_identification:_identify(src/task) by extension 'ros'
[0.362s] DEBUG:colcon.colcon_core.package_identification:Package 'src/task' with type 'ros.ament_cmake' and name 'task'
[0.362s] Level 1:colcon.colcon_core.package_discovery:discover_packages(recursive) using defaults
[0.362s] Level 1:colcon.colcon_core.package_discovery:discover_packages(ignore) discover
[0.362s] Level 1:colcon.colcon_core.package_discovery:discover_packages(ignore) using defaults
[0.362s] Level 1:colcon.colcon_core.package_discovery:discover_packages(path) discover
[0.362s] Level 1:colcon.colcon_core.package_discovery:discover_packages(path) using defaults
[0.382s] Level 1:colcon.colcon_core.package_discovery:discover_packages(prefix_path) check parameters
[0.382s] Level 1:colcon.colcon_core.package_discovery:discover_packages(prefix_path) discover
[0.386s] DEBUG:colcon.colcon_installed_package_information.package_discovery:Found 1 installed packages in /home/rcx/workspaece/examtask_ws/install
[0.388s] DEBUG:colcon.colcon_installed_package_information.package_discovery:Found 256 installed packages in /opt/ros/foxy
[0.389s] Level 1:colcon.colcon_core.package_discovery:discover_packages(prefix_path) using defaults
[0.456s] Level 5:colcon.colcon_core.verb:set package 'task' build argument 'cmake_args' from command line to 'None'
[0.456s] Level 5:colcon.colcon_core.verb:set package 'task' build argument 'cmake_target' from command line to 'None'
[0.456s] Level 5:colcon.colcon_core.verb:set package 'task' build argument 'cmake_target_skip_unavailable' from command line to 'False'
[0.456s] Level 5:colcon.colcon_core.verb:set package 'task' build argument 'cmake_clean_cache' from command line to 'False'
[0.456s] Level 5:colcon.colcon_core.verb:set package 'task' build argument 'cmake_clean_first' from command line to 'False'
[0.456s] Level 5:colcon.colcon_core.verb:set package 'task' build argument 'cmake_force_configure' from command line to 'False'
[0.456s] Level 5:colcon.colcon_core.verb:set package 'task' build argument 'ament_cmake_args' from command line to 'None'
[0.456s] Level 5:colcon.colcon_core.verb:set package 'task' build argument 'catkin_cmake_args' from command line to 'None'
[0.456s] Level 5:colcon.colcon_core.verb:set package 'task' build argument 'catkin_skip_building_tests' from command line to 'False'
[0.456s] DEBUG:colcon.colcon_core.verb:Building package 'task' with the following arguments: {'ament_cmake_args': None, 'build_base': '/home/rcx/workspaece/examtask_ws/build/task', 'catkin_cmake_args': None, 'catkin_skip_building_tests': False, 'cmake_args': None, 'cmake_clean_cache': False, 'cmake_clean_first': False, 'cmake_force_configure': False, 'cmake_target': None, 'cmake_target_skip_unavailable': False, 'install_base': '/home/rcx/workspaece/examtask_ws/install/task', 'merge_install': False, 'path': '/home/rcx/workspaece/examtask_ws/src/task', 'symlink_install': False, 'test_result_base': None}
[0.457s] INFO:colcon.colcon_core.executor:Executing jobs using 'parallel' executor
[0.460s] DEBUG:colcon.colcon_parallel_executor.executor.parallel:run_until_complete
[0.461s] INFO:colcon.colcon_ros.task.ament_cmake.build:Building ROS package in '/home/rcx/workspaece/examtask_ws/src/task' with build type 'ament_cmake'
[0.461s] INFO:colcon.colcon_cmake.task.cmake.build:Building CMake package in '/home/rcx/workspaece/examtask_ws/src/task'
[0.466s] INFO:colcon.colcon_core.plugin_system:Skipping extension 'colcon_core.shell.bat': Not used on non-Windows systems
[0.467s] INFO:colcon.colcon_core.shell:Skip shell extension 'powershell' for command environment: Not usable outside of PowerShell
[0.467s] DEBUG:colcon.colcon_core.shell:Skip shell extension 'dsv' for command environment
[0.486s] DEBUG:colcon.colcon_core.event_handler.log_command:Invoking command in '/home/rcx/workspaece/examtask_ws/build/task': CMAKE_PREFIX_PATH=${CMAKE_PREFIX_PATH}:/opt/ros/foxy /usr/bin/cmake --build /home/rcx/workspaece/examtask_ws/build/task -- -j4 -l4
[9.550s] DEBUG:colcon.colcon_core.event_handler.log_command:Invoked command in '/home/rcx/workspaece/examtask_ws/build/task' returned '0': CMAKE_PREFIX_PATH=${CMAKE_PREFIX_PATH}:/opt/ros/foxy /usr/bin/cmake --build /home/rcx/workspaece/examtask_ws/build/task -- -j4 -l4
[9.599s] DEBUG:colcon.colcon_core.event_handler.log_command:Invoking command in '/home/rcx/workspaece/examtask_ws/build/task': CMAKE_PREFIX_PATH=${CMAKE_PREFIX_PATH}:/opt/ros/foxy /usr/bin/cmake --install /home/rcx/workspaece/examtask_ws/build/task
[9.613s] Level 1:colcon.colcon_core.environment:create_environment_scripts_only(task)
[9.616s] DEBUG:colcon.colcon_core.event_handler.log_command:Invoked command in '/home/rcx/workspaece/examtask_ws/build/task' returned '0': CMAKE_PREFIX_PATH=${CMAKE_PREFIX_PATH}:/opt/ros/foxy /usr/bin/cmake --install /home/rcx/workspaece/examtask_ws/build/task
[9.621s] Level 1:colcon.colcon_core.environment:checking '/home/rcx/workspaece/examtask_ws/install/task' for CMake module files
[9.622s] Level 1:colcon.colcon_core.environment:checking '/home/rcx/workspaece/examtask_ws/install/task' for CMake config files
[9.622s] Level 1:colcon.colcon_core.shell:create_environment_hook('task', 'cmake_prefix_path')
[9.624s] INFO:colcon.colcon_core.shell:Creating environment hook '/home/rcx/workspaece/examtask_ws/install/task/share/task/hook/cmake_prefix_path.ps1'
[9.627s] INFO:colcon.colcon_core.shell:Creating environment descriptor '/home/rcx/workspaece/examtask_ws/install/task/share/task/hook/cmake_prefix_path.dsv'
[9.628s] INFO:colcon.colcon_core.shell:Creating environment hook '/home/rcx/workspaece/examtask_ws/install/task/share/task/hook/cmake_prefix_path.sh'
[9.629s] Level 1:colcon.colcon_core.environment:checking '/home/rcx/workspaece/examtask_ws/install/task/lib'
[9.629s] Level 1:colcon.colcon_core.environment:checking '/home/rcx/workspaece/examtask_ws/install/task/bin'
[9.629s] Level 1:colcon.colcon_core.environment:checking '/home/rcx/workspaece/examtask_ws/install/task/lib/pkgconfig/task.pc'
[9.629s] Level 1:colcon.colcon_core.environment:checking '/home/rcx/workspaece/examtask_ws/install/task/lib/python3.8/site-packages'
[9.630s] Level 1:colcon.colcon_core.environment:checking '/home/rcx/workspaece/examtask_ws/install/task/bin'
[9.631s] INFO:colcon.colcon_core.shell:Creating package script '/home/rcx/workspaece/examtask_ws/install/task/share/task/package.ps1'
[9.632s] INFO:colcon.colcon_core.shell:Creating package descriptor '/home/rcx/workspaece/examtask_ws/install/task/share/task/package.dsv'
[9.633s] INFO:colcon.colcon_core.shell:Creating package script '/home/rcx/workspaece/examtask_ws/install/task/share/task/package.sh'
[9.634s] INFO:colcon.colcon_core.shell:Creating package script '/home/rcx/workspaece/examtask_ws/install/task/share/task/package.bash'
[9.635s] INFO:colcon.colcon_core.shell:Creating package script '/home/rcx/workspaece/examtask_ws/install/task/share/task/package.zsh'
[9.636s] Level 1:colcon.colcon_core.environment:create_file_with_runtime_dependencies(/home/rcx/workspaece/examtask_ws/install/task/share/colcon-core/packages/task)
[9.669s] Level 1:colcon.colcon_core.environment:create_environment_scripts_only(task)
[9.671s] Level 1:colcon.colcon_core.environment:checking '/home/rcx/workspaece/examtask_ws/install/task' for CMake module files
[9.672s] Level 1:colcon.colcon_core.environment:checking '/home/rcx/workspaece/examtask_ws/install/task' for CMake config files
[9.672s] Level 1:colcon.colcon_core.shell:create_environment_hook('task', 'cmake_prefix_path')
[9.673s] INFO:colcon.colcon_core.shell:Creating environment hook '/home/rcx/workspaece/examtask_ws/install/task/share/task/hook/cmake_prefix_path.ps1'
[9.674s] INFO:colcon.colcon_core.shell:Creating environment descriptor '/home/rcx/workspaece/examtask_ws/install/task/share/task/hook/cmake_prefix_path.dsv'
[9.674s] INFO:colcon.colcon_core.shell:Creating environment hook '/home/rcx/workspaece/examtask_ws/install/task/share/task/hook/cmake_prefix_path.sh'
[9.675s] Level 1:colcon.colcon_core.environment:checking '/home/rcx/workspaece/examtask_ws/install/task/lib'
[9.675s] Level 1:colcon.colcon_core.environment:checking '/home/rcx/workspaece/examtask_ws/install/task/bin'
[9.675s] Level 1:colcon.colcon_core.environment:checking '/home/rcx/workspaece/examtask_ws/install/task/lib/pkgconfig/task.pc'
[9.676s] Level 1:colcon.colcon_core.environment:checking '/home/rcx/workspaece/examtask_ws/install/task/lib/python3.8/site-packages'
[9.676s] Level 1:colcon.colcon_core.environment:checking '/home/rcx/workspaece/examtask_ws/install/task/bin'
[9.677s] INFO:colcon.colcon_core.shell:Creating package script '/home/rcx/workspaece/examtask_ws/install/task/share/task/package.ps1'
[9.678s] INFO:colcon.colcon_core.shell:Creating package descriptor '/home/rcx/workspaece/examtask_ws/install/task/share/task/package.dsv'
[9.678s] INFO:colcon.colcon_core.shell:Creating package script '/home/rcx/workspaece/examtask_ws/install/task/share/task/package.sh'
[9.679s] INFO:colcon.colcon_core.shell:Creating package script '/home/rcx/workspaece/examtask_ws/install/task/share/task/package.bash'
[9.679s] INFO:colcon.colcon_core.shell:Creating package script '/home/rcx/workspaece/examtask_ws/install/task/share/task/package.zsh'
[9.680s] Level 1:colcon.colcon_core.environment:create_file_with_runtime_dependencies(/home/rcx/workspaece/examtask_ws/install/task/share/colcon-core/packages/task)
[9.680s] DEBUG:colcon.colcon_parallel_executor.executor.parallel:closing loop
[9.681s] DEBUG:colcon.colcon_parallel_executor.executor.parallel:loop closed
[9.681s] DEBUG:colcon.colcon_parallel_executor.executor.parallel:run_until_complete finished with '0'
[9.682s] DEBUG:colcon.colcon_core.event_reactor:joining thread
[9.688s] INFO:colcon.colcon_core.plugin_system:Skipping extension 'colcon_notification.desktop_notification.terminal_notifier': Not used on non-Darwin systems
[9.689s] INFO:colcon.colcon_core.plugin_system:Skipping extension 'colcon_notification.desktop_notification.win32': Not used on non-Windows systems
[9.689s] INFO:colcon.colcon_notification.desktop_notification:Sending desktop notification using 'notify2'
[9.708s] DEBUG:colcon.colcon_core.event_reactor:joined thread
[9.710s] INFO:colcon.colcon_core.shell:Creating prefix script '/home/rcx/workspaece/examtask_ws/install/local_setup.ps1'
[9.711s] INFO:colcon.colcon_core.shell:Creating prefix util module '/home/rcx/workspaece/examtask_ws/install/_local_setup_util_ps1.py'
[9.712s] INFO:colcon.colcon_core.shell:Creating prefix chain script '/home/rcx/workspaece/examtask_ws/install/setup.ps1'
[9.714s] INFO:colcon.colcon_core.shell:Creating prefix script '/home/rcx/workspaece/examtask_ws/install/local_setup.sh'
[9.715s] INFO:colcon.colcon_core.shell:Creating prefix util module '/home/rcx/workspaece/examtask_ws/install/_local_setup_util_sh.py'
[9.716s] INFO:colcon.colcon_core.shell:Creating prefix chain script '/home/rcx/workspaece/examtask_ws/install/setup.sh'
[9.717s] INFO:colcon.colcon_core.shell:Creating prefix script '/home/rcx/workspaece/examtask_ws/install/local_setup.bash'
[9.718s] INFO:colcon.colcon_core.shell:Creating prefix chain script '/home/rcx/workspaece/examtask_ws/install/setup.bash'
[9.719s] INFO:colcon.colcon_core.shell:Creating prefix script '/home/rcx/workspaece/examtask_ws/install/local_setup.zsh'
[9.720s] INFO:colcon.colcon_core.shell:Creating prefix chain script '/home/rcx/workspaece/examtask_ws/install/setup.zsh'
