[0.024s] Invoking command in '/home/rcx/workspaece/examtask_ws/build/task': CMAKE_PREFIX_PATH=${CMAKE_PREFIX_PATH}:/opt/ros/foxy /usr/bin/cmake --build /home/rcx/workspaece/examtask_ws/build/task -- -j4 -l4
[0.089s] [100%] Built target exam_node
[0.101s] Invoked command in '/home/rcx/workspaece/examtask_ws/build/task' returned '0': CMAKE_PREFIX_PATH=${CMAKE_PREFIX_PATH}:/opt/ros/foxy /usr/bin/cmake --build /home/rcx/workspaece/examtask_ws/build/task -- -j4 -l4
[0.149s] Invoking command in '/home/rcx/workspaece/examtask_ws/build/task': CMAKE_PREFIX_PATH=${CMAKE_PREFIX_PATH}:/opt/ros/foxy /usr/bin/cmake --install /home/rcx/workspaece/examtask_ws/build/task
[0.158s] -- Install configuration: ""
[0.159s] -- Up-to-date: /home/rcx/workspaece/examtask_ws/install/task/lib/task/exam_node
[0.159s] -- Up-to-date: /home/rcx/workspaece/examtask_ws/install/task/share/ament_index/resource_index/package_run_dependencies/task
[0.159s] -- Up-to-date: /home/rcx/workspaece/examtask_ws/install/task/share/ament_index/resource_index/parent_prefix_path/task
[0.159s] -- Up-to-date: /home/rcx/workspaece/examtask_ws/install/task/share/task/environment/ament_prefix_path.sh
[0.159s] -- Up-to-date: /home/rcx/workspaece/examtask_ws/install/task/share/task/environment/ament_prefix_path.dsv
[0.160s] -- Up-to-date: /home/rcx/workspaece/examtask_ws/install/task/share/task/environment/path.sh
[0.160s] -- Up-to-date: /home/rcx/workspaece/examtask_ws/install/task/share/task/environment/path.dsv
[0.160s] -- Up-to-date: /home/rcx/workspaece/examtask_ws/install/task/share/task/local_setup.bash
[0.160s] -- Up-to-date: /home/rcx/workspaece/examtask_ws/install/task/share/task/local_setup.sh
[0.160s] -- Up-to-date: /home/rcx/workspaece/examtask_ws/install/task/share/task/local_setup.zsh
[0.160s] -- Up-to-date: /home/rcx/workspaece/examtask_ws/install/task/share/task/local_setup.dsv
[0.160s] -- Installing: /home/rcx/workspaece/examtask_ws/install/task/share/task/package.dsv
[0.160s] -- Up-to-date: /home/rcx/workspaece/examtask_ws/install/task/share/ament_index/resource_index/packages/task
[0.160s] -- Up-to-date: /home/rcx/workspaece/examtask_ws/install/task/share/task/cmake/taskConfig.cmake
[0.160s] -- Up-to-date: /home/rcx/workspaece/examtask_ws/install/task/share/task/cmake/taskConfig-version.cmake
[0.160s] -- Up-to-date: /home/rcx/workspaece/examtask_ws/install/task/share/task/package.xml
[0.162s] Invoked command in '/home/rcx/workspaece/examtask_ws/build/task' returned '0': CMAKE_PREFIX_PATH=${CMAKE_PREFIX_PATH}:/opt/ros/foxy /usr/bin/cmake --install /home/rcx/workspaece/examtask_ws/build/task
