[0.217s] DEBUG:colcon:Command line arguments: ['/usr/bin/colcon', 'build', '--packages-select', 'task3']
[0.217s] DEBUG:colcon:Parsed command line arguments: Namespace(allow_overriding=[], ament_cmake_args=None, base_paths=['.'], build_base='build', catkin_cmake_args=None, catkin_skip_building_tests=False, cmake_args=None, cmake_clean_cache=False, cmake_clean_first=False, cmake_force_configure=False, cmake_target=None, cmake_target_skip_unavailable=False, continue_on_error=False, event_handlers=None, executor='parallel', ignore_user_meta=False, install_base='install', log_base=None, log_level=None, main=<bound method BuildVerb.main of <colcon_core.verb.build.BuildVerb object at 0x7feb734d06d0>>, merge_install=False, metas=['./colcon.meta'], packages_above=None, packages_above_and_dependencies=None, packages_above_depth=None, packages_end=None, packages_ignore=None, packages_ignore_regex=None, packages_select=['task3'], packages_select_build_failed=False, packages_select_by_dep=None, packages_select_regex=None, packages_select_test_failures=False, packages_skip=None, packages_skip_build_finished=False, packages_skip_by_dep=None, packages_skip_regex=None, packages_skip_test_passed=False, packages_skip_up_to=None, packages_start=None, packages_up_to=None, packages_up_to_regex=None, parallel_workers=4, paths=None, symlink_install=False, test_result_base=None, verb_extension=<colcon_core.verb.build.BuildVerb object at 0x7feb734d06d0>, verb_name='build', verb_parser=<colcon_defaults.argument_parser.defaults.DefaultArgumentsDecorator object at 0x7feb734d0c10>)
[0.237s] Level 1:colcon.colcon_core.package_discovery:discover_packages(colcon_meta) check parameters
[0.237s] Level 1:colcon.colcon_core.package_discovery:discover_packages(recursive) check parameters
[0.237s] Level 1:colcon.colcon_core.package_discovery:discover_packages(ignore) check parameters
[0.237s] Level 1:colcon.colcon_core.package_discovery:discover_packages(path) check parameters
[0.237s] Level 1:colcon.colcon_core.package_discovery:discover_packages(colcon_meta) discover
[0.238s] Level 1:colcon.colcon_core.package_discovery:discover_packages(recursive) discover
[0.238s] INFO:colcon.colcon_core.package_discovery:Crawling recursively for packages in '/home/rcx/workspaece/basetask_ws'
[0.238s] Level 1:colcon.colcon_core.package_identification:_identify(.) by extensions ['ignore', 'ignore_ament_install']
[0.238s] Level 1:colcon.colcon_core.package_identification:_identify(.) by extension 'ignore'
[0.238s] Level 1:colcon.colcon_core.package_identification:_identify(.) by extension 'ignore_ament_install'
[0.238s] Level 1:colcon.colcon_core.package_identification:_identify(.) by extensions ['colcon_pkg']
[0.238s] Level 1:colcon.colcon_core.package_identification:_identify(.) by extension 'colcon_pkg'
[0.238s] Level 1:colcon.colcon_core.package_identification:_identify(.) by extensions ['colcon_meta']
[0.238s] Level 1:colcon.colcon_core.package_identification:_identify(.) by extension 'colcon_meta'
[0.238s] Level 1:colcon.colcon_core.package_identification:_identify(.) by extensions ['ros']
[0.238s] Level 1:colcon.colcon_core.package_identification:_identify(.) by extension 'ros'
[0.254s] Level 1:colcon.colcon_core.package_identification:_identify(.) by extensions ['cmake', 'python']
[0.254s] Level 1:colcon.colcon_core.package_identification:_identify(.) by extension 'cmake'
[0.254s] Level 1:colcon.colcon_core.package_identification:_identify(.) by extension 'python'
[0.254s] Level 1:colcon.colcon_core.package_identification:_identify(.) by extensions ['python_setup_py']
[0.254s] Level 1:colcon.colcon_core.package_identification:_identify(.) by extension 'python_setup_py'
[0.254s] Level 1:colcon.colcon_core.package_identification:_identify(build) by extensions ['ignore', 'ignore_ament_install']
[0.255s] Level 1:colcon.colcon_core.package_identification:_identify(build) by extension 'ignore'
[0.255s] Level 1:colcon.colcon_core.package_identification:_identify(build) ignored
[0.255s] Level 1:colcon.colcon_core.package_identification:_identify(install) by extensions ['ignore', 'ignore_ament_install']
[0.255s] Level 1:colcon.colcon_core.package_identification:_identify(install) by extension 'ignore'
[0.255s] Level 1:colcon.colcon_core.package_identification:_identify(install) ignored
[0.255s] Level 1:colcon.colcon_core.package_identification:_identify(log) by extensions ['ignore', 'ignore_ament_install']
[0.255s] Level 1:colcon.colcon_core.package_identification:_identify(log) by extension 'ignore'
[0.255s] Level 1:colcon.colcon_core.package_identification:_identify(log) ignored
[0.255s] Level 1:colcon.colcon_core.package_identification:_identify(src) by extensions ['ignore', 'ignore_ament_install']
[0.255s] Level 1:colcon.colcon_core.package_identification:_identify(src) by extension 'ignore'
[0.255s] Level 1:colcon.colcon_core.package_identification:_identify(src) by extension 'ignore_ament_install'
[0.255s] Level 1:colcon.colcon_core.package_identification:_identify(src) by extensions ['colcon_pkg']
[0.255s] Level 1:colcon.colcon_core.package_identification:_identify(src) by extension 'colcon_pkg'
[0.255s] Level 1:colcon.colcon_core.package_identification:_identify(src) by extensions ['colcon_meta']
[0.255s] Level 1:colcon.colcon_core.package_identification:_identify(src) by extension 'colcon_meta'
[0.255s] Level 1:colcon.colcon_core.package_identification:_identify(src) by extensions ['ros']
[0.255s] Level 1:colcon.colcon_core.package_identification:_identify(src) by extension 'ros'
[0.255s] Level 1:colcon.colcon_core.package_identification:_identify(src) by extensions ['cmake', 'python']
[0.255s] Level 1:colcon.colcon_core.package_identification:_identify(src) by extension 'cmake'
[0.256s] Level 1:colcon.colcon_core.package_identification:_identify(src) by extension 'python'
[0.256s] Level 1:colcon.colcon_core.package_identification:_identify(src) by extensions ['python_setup_py']
[0.256s] Level 1:colcon.colcon_core.package_identification:_identify(src) by extension 'python_setup_py'
[0.256s] Level 1:colcon.colcon_core.package_identification:_identify(src/task1) by extensions ['ignore', 'ignore_ament_install']
[0.256s] Level 1:colcon.colcon_core.package_identification:_identify(src/task1) by extension 'ignore'
[0.256s] Level 1:colcon.colcon_core.package_identification:_identify(src/task1) by extension 'ignore_ament_install'
[0.256s] Level 1:colcon.colcon_core.package_identification:_identify(src/task1) by extensions ['colcon_pkg']
[0.256s] Level 1:colcon.colcon_core.package_identification:_identify(src/task1) by extension 'colcon_pkg'
[0.256s] Level 1:colcon.colcon_core.package_identification:_identify(src/task1) by extensions ['colcon_meta']
[0.256s] Level 1:colcon.colcon_core.package_identification:_identify(src/task1) by extension 'colcon_meta'
[0.256s] Level 1:colcon.colcon_core.package_identification:_identify(src/task1) by extensions ['ros']
[0.256s] Level 1:colcon.colcon_core.package_identification:_identify(src/task1) by extension 'ros'
[0.258s] DEBUG:colcon.colcon_core.package_identification:Package 'src/task1' with type 'ros.ament_cmake' and name 'task1'
[0.258s] Level 1:colcon.colcon_core.package_identification:_identify(src/task2) by extensions ['ignore', 'ignore_ament_install']
[0.258s] Level 1:colcon.colcon_core.package_identification:_identify(src/task2) by extension 'ignore'
[0.258s] Level 1:colcon.colcon_core.package_identification:_identify(src/task2) by extension 'ignore_ament_install'
[0.258s] Level 1:colcon.colcon_core.package_identification:_identify(src/task2) by extensions ['colcon_pkg']
[0.258s] Level 1:colcon.colcon_core.package_identification:_identify(src/task2) by extension 'colcon_pkg'
[0.258s] Level 1:colcon.colcon_core.package_identification:_identify(src/task2) by extensions ['colcon_meta']
[0.258s] Level 1:colcon.colcon_core.package_identification:_identify(src/task2) by extension 'colcon_meta'
[0.258s] Level 1:colcon.colcon_core.package_identification:_identify(src/task2) by extensions ['ros']
[0.258s] Level 1:colcon.colcon_core.package_identification:_identify(src/task2) by extension 'ros'
[0.259s] DEBUG:colcon.colcon_core.package_identification:Package 'src/task2' with type 'ros.ament_cmake' and name 'task2'
[0.259s] Level 1:colcon.colcon_core.package_identification:_identify(src/task3) by extensions ['ignore', 'ignore_ament_install']
[0.259s] Level 1:colcon.colcon_core.package_identification:_identify(src/task3) by extension 'ignore'
[0.259s] Level 1:colcon.colcon_core.package_identification:_identify(src/task3) by extension 'ignore_ament_install'
[0.259s] Level 1:colcon.colcon_core.package_identification:_identify(src/task3) by extensions ['colcon_pkg']
[0.259s] Level 1:colcon.colcon_core.package_identification:_identify(src/task3) by extension 'colcon_pkg'
[0.259s] Level 1:colcon.colcon_core.package_identification:_identify(src/task3) by extensions ['colcon_meta']
[0.259s] Level 1:colcon.colcon_core.package_identification:_identify(src/task3) by extension 'colcon_meta'
[0.259s] Level 1:colcon.colcon_core.package_identification:_identify(src/task3) by extensions ['ros']
[0.259s] Level 1:colcon.colcon_core.package_identification:_identify(src/task3) by extension 'ros'
[0.260s] DEBUG:colcon.colcon_core.package_identification:Package 'src/task3' with type 'ros.ament_cmake' and name 'task3'
[0.260s] Level 1:colcon.colcon_core.package_identification:_identify(src/task4) by extensions ['ignore', 'ignore_ament_install']
[0.260s] Level 1:colcon.colcon_core.package_identification:_identify(src/task4) by extension 'ignore'
[0.260s] Level 1:colcon.colcon_core.package_identification:_identify(src/task4) by extension 'ignore_ament_install'
[0.260s] Level 1:colcon.colcon_core.package_identification:_identify(src/task4) by extensions ['colcon_pkg']
[0.260s] Level 1:colcon.colcon_core.package_identification:_identify(src/task4) by extension 'colcon_pkg'
[0.260s] Level 1:colcon.colcon_core.package_identification:_identify(src/task4) by extensions ['colcon_meta']
[0.260s] Level 1:colcon.colcon_core.package_identification:_identify(src/task4) by extension 'colcon_meta'
[0.260s] Level 1:colcon.colcon_core.package_identification:_identify(src/task4) by extensions ['ros']
[0.260s] Level 1:colcon.colcon_core.package_identification:_identify(src/task4) by extension 'ros'
[0.261s] DEBUG:colcon.colcon_core.package_identification:Package 'src/task4' with type 'ros.ament_cmake' and name 'task4'
[0.261s] Level 1:colcon.colcon_core.package_identification:_identify(src/task5) by extensions ['ignore', 'ignore_ament_install']
[0.261s] Level 1:colcon.colcon_core.package_identification:_identify(src/task5) by extension 'ignore'
[0.261s] Level 1:colcon.colcon_core.package_identification:_identify(src/task5) by extension 'ignore_ament_install'
[0.261s] Level 1:colcon.colcon_core.package_identification:_identify(src/task5) by extensions ['colcon_pkg']
[0.261s] Level 1:colcon.colcon_core.package_identification:_identify(src/task5) by extension 'colcon_pkg'
[0.261s] Level 1:colcon.colcon_core.package_identification:_identify(src/task5) by extensions ['colcon_meta']
[0.261s] Level 1:colcon.colcon_core.package_identification:_identify(src/task5) by extension 'colcon_meta'
[0.261s] Level 1:colcon.colcon_core.package_identification:_identify(src/task5) by extensions ['ros']
[0.261s] Level 1:colcon.colcon_core.package_identification:_identify(src/task5) by extension 'ros'
[0.262s] DEBUG:colcon.colcon_core.package_identification:Package 'src/task5' with type 'ros.ament_cmake' and name 'task5'
[0.262s] Level 1:colcon.colcon_core.package_identification:_identify(src/task_interfaces) by extensions ['ignore', 'ignore_ament_install']
[0.262s] Level 1:colcon.colcon_core.package_identification:_identify(src/task_interfaces) by extension 'ignore'
[0.262s] Level 1:colcon.colcon_core.package_identification:_identify(src/task_interfaces) by extension 'ignore_ament_install'
[0.262s] Level 1:colcon.colcon_core.package_identification:_identify(src/task_interfaces) by extensions ['colcon_pkg']
[0.262s] Level 1:colcon.colcon_core.package_identification:_identify(src/task_interfaces) by extension 'colcon_pkg'
[0.262s] Level 1:colcon.colcon_core.package_identification:_identify(src/task_interfaces) by extensions ['colcon_meta']
[0.262s] Level 1:colcon.colcon_core.package_identification:_identify(src/task_interfaces) by extension 'colcon_meta'
[0.262s] Level 1:colcon.colcon_core.package_identification:_identify(src/task_interfaces) by extensions ['ros']
[0.262s] Level 1:colcon.colcon_core.package_identification:_identify(src/task_interfaces) by extension 'ros'
[0.263s] DEBUG:colcon.colcon_core.package_identification:Package 'src/task_interfaces' with type 'ros.ament_cmake' and name 'task_interfaces'
[0.263s] Level 1:colcon.colcon_core.package_discovery:discover_packages(recursive) using defaults
[0.263s] Level 1:colcon.colcon_core.package_discovery:discover_packages(ignore) discover
[0.263s] Level 1:colcon.colcon_core.package_discovery:discover_packages(ignore) using defaults
[0.263s] Level 1:colcon.colcon_core.package_discovery:discover_packages(path) discover
[0.263s] Level 1:colcon.colcon_core.package_discovery:discover_packages(path) using defaults
[0.278s] INFO:colcon.colcon_core.package_selection:Skipping not selected package 'task2' in 'src/task2'
[0.278s] INFO:colcon.colcon_core.package_selection:Skipping not selected package 'task4' in 'src/task4'
[0.278s] INFO:colcon.colcon_core.package_selection:Skipping not selected package 'task_interfaces' in 'src/task_interfaces'
[0.278s] INFO:colcon.colcon_core.package_selection:Skipping not selected package 'task1' in 'src/task1'
[0.278s] INFO:colcon.colcon_core.package_selection:Skipping not selected package 'task5' in 'src/task5'
[0.279s] Level 1:colcon.colcon_core.package_discovery:discover_packages(prefix_path) check parameters
[0.279s] Level 1:colcon.colcon_core.package_discovery:discover_packages(prefix_path) discover
[0.281s] DEBUG:colcon.colcon_installed_package_information.package_discovery:Found 6 installed packages in /home/rcx/workspaece/basetask_ws/install
[0.282s] DEBUG:colcon.colcon_installed_package_information.package_discovery:Found 256 installed packages in /opt/ros/foxy
[0.283s] Level 1:colcon.colcon_core.package_discovery:discover_packages(prefix_path) using defaults
[0.333s] Level 5:colcon.colcon_core.verb:set package 'task3' build argument 'cmake_args' from command line to 'None'
[0.333s] Level 5:colcon.colcon_core.verb:set package 'task3' build argument 'cmake_target' from command line to 'None'
[0.333s] Level 5:colcon.colcon_core.verb:set package 'task3' build argument 'cmake_target_skip_unavailable' from command line to 'False'
[0.333s] Level 5:colcon.colcon_core.verb:set package 'task3' build argument 'cmake_clean_cache' from command line to 'False'
[0.333s] Level 5:colcon.colcon_core.verb:set package 'task3' build argument 'cmake_clean_first' from command line to 'False'
[0.333s] Level 5:colcon.colcon_core.verb:set package 'task3' build argument 'cmake_force_configure' from command line to 'False'
[0.333s] Level 5:colcon.colcon_core.verb:set package 'task3' build argument 'ament_cmake_args' from command line to 'None'
[0.333s] Level 5:colcon.colcon_core.verb:set package 'task3' build argument 'catkin_cmake_args' from command line to 'None'
[0.333s] Level 5:colcon.colcon_core.verb:set package 'task3' build argument 'catkin_skip_building_tests' from command line to 'False'
[0.333s] DEBUG:colcon.colcon_core.verb:Building package 'task3' with the following arguments: {'ament_cmake_args': None, 'build_base': '/home/rcx/workspaece/basetask_ws/build/task3', 'catkin_cmake_args': None, 'catkin_skip_building_tests': False, 'cmake_args': None, 'cmake_clean_cache': False, 'cmake_clean_first': False, 'cmake_force_configure': False, 'cmake_target': None, 'cmake_target_skip_unavailable': False, 'install_base': '/home/rcx/workspaece/basetask_ws/install/task3', 'merge_install': False, 'path': '/home/rcx/workspaece/basetask_ws/src/task3', 'symlink_install': False, 'test_result_base': None}
[0.333s] INFO:colcon.colcon_core.executor:Executing jobs using 'parallel' executor
[0.336s] DEBUG:colcon.colcon_parallel_executor.executor.parallel:run_until_complete
[0.337s] INFO:colcon.colcon_ros.task.ament_cmake.build:Building ROS package in '/home/rcx/workspaece/basetask_ws/src/task3' with build type 'ament_cmake'
[0.337s] INFO:colcon.colcon_cmake.task.cmake.build:Building CMake package in '/home/rcx/workspaece/basetask_ws/src/task3'
[0.340s] INFO:colcon.colcon_core.plugin_system:Skipping extension 'colcon_core.shell.bat': Not used on non-Windows systems
[0.340s] INFO:colcon.colcon_core.shell:Skip shell extension 'powershell' for command environment: Not usable outside of PowerShell
[0.340s] DEBUG:colcon.colcon_core.shell:Skip shell extension 'dsv' for command environment
[0.354s] DEBUG:colcon.colcon_core.event_handler.log_command:Invoking command in '/home/rcx/workspaece/basetask_ws/build/task3': CMAKE_PREFIX_PATH=/home/rcx/workspaece/basetask_ws/install/task5:/home/rcx/workspaece/basetask_ws/install/task_interfaces:/home/rcx/workspaece/basetask_ws/install/task4:/home/rcx/workspaece/basetask_ws/install/task3:/home/rcx/workspaece/basetask_ws/install/task2:/home/rcx/workspaece/basetask_ws/install/task1:/opt/ros/foxy /usr/bin/cmake --build /home/rcx/workspaece/basetask_ws/build/task3 -- -j4 -l4
[1.051s] DEBUG:colcon.colcon_core.event_handler.log_command:Invoked command in '/home/rcx/workspaece/basetask_ws/build/task3' returned '0': CMAKE_PREFIX_PATH=/home/rcx/workspaece/basetask_ws/install/task5:/home/rcx/workspaece/basetask_ws/install/task_interfaces:/home/rcx/workspaece/basetask_ws/install/task4:/home/rcx/workspaece/basetask_ws/install/task3:/home/rcx/workspaece/basetask_ws/install/task2:/home/rcx/workspaece/basetask_ws/install/task1:/opt/ros/foxy /usr/bin/cmake --build /home/rcx/workspaece/basetask_ws/build/task3 -- -j4 -l4
[1.087s] DEBUG:colcon.colcon_core.event_handler.log_command:Invoking command in '/home/rcx/workspaece/basetask_ws/build/task3': CMAKE_PREFIX_PATH=/home/rcx/workspaece/basetask_ws/install/task5:/home/rcx/workspaece/basetask_ws/install/task_interfaces:/home/rcx/workspaece/basetask_ws/install/task4:/home/rcx/workspaece/basetask_ws/install/task3:/home/rcx/workspaece/basetask_ws/install/task2:/home/rcx/workspaece/basetask_ws/install/task1:/opt/ros/foxy /usr/bin/cmake --install /home/rcx/workspaece/basetask_ws/build/task3
[1.096s] Level 1:colcon.colcon_core.environment:create_environment_scripts_only(task3)
[1.097s] DEBUG:colcon.colcon_core.event_handler.log_command:Invoked command in '/home/rcx/workspaece/basetask_ws/build/task3' returned '0': CMAKE_PREFIX_PATH=/home/rcx/workspaece/basetask_ws/install/task5:/home/rcx/workspaece/basetask_ws/install/task_interfaces:/home/rcx/workspaece/basetask_ws/install/task4:/home/rcx/workspaece/basetask_ws/install/task3:/home/rcx/workspaece/basetask_ws/install/task2:/home/rcx/workspaece/basetask_ws/install/task1:/opt/ros/foxy /usr/bin/cmake --install /home/rcx/workspaece/basetask_ws/build/task3
[1.101s] Level 1:colcon.colcon_core.environment:checking '/home/rcx/workspaece/basetask_ws/install/task3' for CMake module files
[1.101s] Level 1:colcon.colcon_core.environment:checking '/home/rcx/workspaece/basetask_ws/install/task3' for CMake config files
[1.101s] Level 1:colcon.colcon_core.shell:create_environment_hook('task3', 'cmake_prefix_path')
[1.102s] INFO:colcon.colcon_core.shell:Creating environment hook '/home/rcx/workspaece/basetask_ws/install/task3/share/task3/hook/cmake_prefix_path.ps1'
[1.103s] INFO:colcon.colcon_core.shell:Creating environment descriptor '/home/rcx/workspaece/basetask_ws/install/task3/share/task3/hook/cmake_prefix_path.dsv'
[1.103s] INFO:colcon.colcon_core.shell:Creating environment hook '/home/rcx/workspaece/basetask_ws/install/task3/share/task3/hook/cmake_prefix_path.sh'
[1.104s] Level 1:colcon.colcon_core.environment:checking '/home/rcx/workspaece/basetask_ws/install/task3/lib'
[1.104s] Level 1:colcon.colcon_core.environment:checking '/home/rcx/workspaece/basetask_ws/install/task3/bin'
[1.104s] Level 1:colcon.colcon_core.environment:checking '/home/rcx/workspaece/basetask_ws/install/task3/lib/pkgconfig/task3.pc'
[1.105s] Level 1:colcon.colcon_core.environment:checking '/home/rcx/workspaece/basetask_ws/install/task3/lib/python3.8/site-packages'
[1.105s] Level 1:colcon.colcon_core.environment:checking '/home/rcx/workspaece/basetask_ws/install/task3/bin'
[1.106s] INFO:colcon.colcon_core.shell:Creating package script '/home/rcx/workspaece/basetask_ws/install/task3/share/task3/package.ps1'
[1.106s] INFO:colcon.colcon_core.shell:Creating package descriptor '/home/rcx/workspaece/basetask_ws/install/task3/share/task3/package.dsv'
[1.107s] INFO:colcon.colcon_core.shell:Creating package script '/home/rcx/workspaece/basetask_ws/install/task3/share/task3/package.sh'
[1.107s] INFO:colcon.colcon_core.shell:Creating package script '/home/rcx/workspaece/basetask_ws/install/task3/share/task3/package.bash'
[1.108s] INFO:colcon.colcon_core.shell:Creating package script '/home/rcx/workspaece/basetask_ws/install/task3/share/task3/package.zsh'
[1.109s] Level 1:colcon.colcon_core.environment:create_file_with_runtime_dependencies(/home/rcx/workspaece/basetask_ws/install/task3/share/colcon-core/packages/task3)
[1.133s] Level 1:colcon.colcon_core.environment:create_environment_scripts_only(task3)
[1.135s] Level 1:colcon.colcon_core.environment:checking '/home/rcx/workspaece/basetask_ws/install/task3' for CMake module files
[1.135s] Level 1:colcon.colcon_core.environment:checking '/home/rcx/workspaece/basetask_ws/install/task3' for CMake config files
[1.135s] Level 1:colcon.colcon_core.shell:create_environment_hook('task3', 'cmake_prefix_path')
[1.136s] INFO:colcon.colcon_core.shell:Creating environment hook '/home/rcx/workspaece/basetask_ws/install/task3/share/task3/hook/cmake_prefix_path.ps1'
[1.137s] INFO:colcon.colcon_core.shell:Creating environment descriptor '/home/rcx/workspaece/basetask_ws/install/task3/share/task3/hook/cmake_prefix_path.dsv'
[1.137s] INFO:colcon.colcon_core.shell:Creating environment hook '/home/rcx/workspaece/basetask_ws/install/task3/share/task3/hook/cmake_prefix_path.sh'
[1.137s] Level 1:colcon.colcon_core.environment:checking '/home/rcx/workspaece/basetask_ws/install/task3/lib'
[1.137s] Level 1:colcon.colcon_core.environment:checking '/home/rcx/workspaece/basetask_ws/install/task3/bin'
[1.138s] Level 1:colcon.colcon_core.environment:checking '/home/rcx/workspaece/basetask_ws/install/task3/lib/pkgconfig/task3.pc'
[1.138s] Level 1:colcon.colcon_core.environment:checking '/home/rcx/workspaece/basetask_ws/install/task3/lib/python3.8/site-packages'
[1.138s] Level 1:colcon.colcon_core.environment:checking '/home/rcx/workspaece/basetask_ws/install/task3/bin'
[1.139s] INFO:colcon.colcon_core.shell:Creating package script '/home/rcx/workspaece/basetask_ws/install/task3/share/task3/package.ps1'
[1.139s] INFO:colcon.colcon_core.shell:Creating package descriptor '/home/rcx/workspaece/basetask_ws/install/task3/share/task3/package.dsv'
[1.140s] INFO:colcon.colcon_core.shell:Creating package script '/home/rcx/workspaece/basetask_ws/install/task3/share/task3/package.sh'
[1.140s] INFO:colcon.colcon_core.shell:Creating package script '/home/rcx/workspaece/basetask_ws/install/task3/share/task3/package.bash'
[1.141s] INFO:colcon.colcon_core.shell:Creating package script '/home/rcx/workspaece/basetask_ws/install/task3/share/task3/package.zsh'
[1.141s] Level 1:colcon.colcon_core.environment:create_file_with_runtime_dependencies(/home/rcx/workspaece/basetask_ws/install/task3/share/colcon-core/packages/task3)
[1.141s] DEBUG:colcon.colcon_parallel_executor.executor.parallel:closing loop
[1.142s] DEBUG:colcon.colcon_parallel_executor.executor.parallel:loop closed
[1.142s] DEBUG:colcon.colcon_parallel_executor.executor.parallel:run_until_complete finished with '0'
[1.142s] DEBUG:colcon.colcon_core.event_reactor:joining thread
[1.146s] INFO:colcon.colcon_core.plugin_system:Skipping extension 'colcon_notification.desktop_notification.terminal_notifier': Not used on non-Darwin systems
[1.146s] INFO:colcon.colcon_core.plugin_system:Skipping extension 'colcon_notification.desktop_notification.win32': Not used on non-Windows systems
[1.147s] INFO:colcon.colcon_notification.desktop_notification:Sending desktop notification using 'notify2'
[1.162s] DEBUG:colcon.colcon_core.event_reactor:joined thread
[1.163s] INFO:colcon.colcon_core.shell:Creating prefix script '/home/rcx/workspaece/basetask_ws/install/local_setup.ps1'
[1.164s] INFO:colcon.colcon_core.shell:Creating prefix util module '/home/rcx/workspaece/basetask_ws/install/_local_setup_util_ps1.py'
[1.165s] INFO:colcon.colcon_core.shell:Creating prefix chain script '/home/rcx/workspaece/basetask_ws/install/setup.ps1'
[1.166s] INFO:colcon.colcon_core.shell:Creating prefix script '/home/rcx/workspaece/basetask_ws/install/local_setup.sh'
[1.167s] INFO:colcon.colcon_core.shell:Creating prefix util module '/home/rcx/workspaece/basetask_ws/install/_local_setup_util_sh.py'
[1.167s] INFO:colcon.colcon_core.shell:Creating prefix chain script '/home/rcx/workspaece/basetask_ws/install/setup.sh'
[1.169s] INFO:colcon.colcon_core.shell:Creating prefix script '/home/rcx/workspaece/basetask_ws/install/local_setup.bash'
[1.169s] INFO:colcon.colcon_core.shell:Creating prefix chain script '/home/rcx/workspaece/basetask_ws/install/setup.bash'
[1.170s] INFO:colcon.colcon_core.shell:Creating prefix script '/home/rcx/workspaece/basetask_ws/install/local_setup.zsh'
[1.171s] INFO:colcon.colcon_core.shell:Creating prefix chain script '/home/rcx/workspaece/basetask_ws/install/setup.zsh'
