[0.025s] Invoking command in '/home/rcx/workspaece/examtask_ws/build/task': CMAKE_PREFIX_PATH=${CMAKE_PREFIX_PATH}:/opt/ros/foxy /usr/bin/cmake --build /home/rcx/workspaece/examtask_ws/build/task -- -j4 -l4
[0.079s] [35m[1mScanning dependencies of target exam_node[0m
[0.139s] [ 50%] [32mBuilding CXX object CMakeFiles/exam_node.dir/src/exam.cpp.o[0m
[8.175s] [100%] [32m[1mLinking CXX executable exam_node[0m
[9.074s] [100%] Built target exam_node
[9.088s] Invoked command in '/home/rcx/workspaece/examtask_ws/build/task' returned '0': CMAKE_PREFIX_PATH=${CMAKE_PREFIX_PATH}:/opt/ros/foxy /usr/bin/cmake --build /home/rcx/workspaece/examtask_ws/build/task -- -j4 -l4
[9.137s] Invoking command in '/home/rcx/workspaece/examtask_ws/build/task': CMAKE_PREFIX_PATH=${CMAKE_PREFIX_PATH}:/opt/ros/foxy /usr/bin/cmake --install /home/rcx/workspaece/examtask_ws/build/task
[9.145s] -- Install configuration: ""
[9.146s] -- Installing: /home/rcx/workspaece/examtask_ws/install/task/lib/task/exam_node
[9.148s] -- Set runtime path of "/home/rcx/workspaece/examtask_ws/install/task/lib/task/exam_node" to ""
[9.148s] -- Up-to-date: /home/rcx/workspaece/examtask_ws/install/task/share/ament_index/resource_index/package_run_dependencies/task
[9.149s] -- Up-to-date: /home/rcx/workspaece/examtask_ws/install/task/share/ament_index/resource_index/parent_prefix_path/task
[9.149s] -- Up-to-date: /home/rcx/workspaece/examtask_ws/install/task/share/task/environment/ament_prefix_path.sh
[9.149s] -- Up-to-date: /home/rcx/workspaece/examtask_ws/install/task/share/task/environment/ament_prefix_path.dsv
[9.149s] -- Up-to-date: /home/rcx/workspaece/examtask_ws/install/task/share/task/environment/path.sh
[9.149s] -- Up-to-date: /home/rcx/workspaece/examtask_ws/install/task/share/task/environment/path.dsv
[9.149s] -- Up-to-date: /home/rcx/workspaece/examtask_ws/install/task/share/task/local_setup.bash
[9.149s] -- Up-to-date: /home/rcx/workspaece/examtask_ws/install/task/share/task/local_setup.sh
[9.150s] -- Up-to-date: /home/rcx/workspaece/examtask_ws/install/task/share/task/local_setup.zsh
[9.150s] -- Up-to-date: /home/rcx/workspaece/examtask_ws/install/task/share/task/local_setup.dsv
[9.150s] -- Installing: /home/rcx/workspaece/examtask_ws/install/task/share/task/package.dsv
[9.150s] -- Up-to-date: /home/rcx/workspaece/examtask_ws/install/task/share/ament_index/resource_index/packages/task
[9.150s] -- Up-to-date: /home/rcx/workspaece/examtask_ws/install/task/share/task/cmake/taskConfig.cmake
[9.150s] -- Up-to-date: /home/rcx/workspaece/examtask_ws/install/task/share/task/cmake/taskConfig-version.cmake
[9.150s] -- Up-to-date: /home/rcx/workspaece/examtask_ws/install/task/share/task/package.xml
[9.154s] Invoked command in '/home/rcx/workspaece/examtask_ws/build/task' returned '0': CMAKE_PREFIX_PATH=${CMAKE_PREFIX_PATH}:/opt/ros/foxy /usr/bin/cmake --install /home/rcx/workspaece/examtask_ws/build/task
